#
# There is insufficient memory for the Java Runtime Environment to continue.
# Native memory allocation (malloc) failed to allocate 1048576 bytes for AllocateHeap
# Possible reasons:
#   The system is out of physical RAM or swap space
#   The process is running with CompressedOops enabled, and the Java Heap may be blocking the growth of the native heap
# Possible solutions:
#   Reduce memory load on the system
#   Increase physical memory or swap space
#   Check if swap backing store is full
#   Decrease Java heap size (-Xmx/-Xms)
#   Decrease number of Java threads
#   Decrease Java thread stack sizes (-Xss)
#   Set larger code cache with -XX:ReservedCodeCacheSize=
#   JVM is running with Zero Based Compressed Oops mode in which the Java heap is
#     placed in the first 32GB address space. The Java Heap base address is the
#     maximum limit for the native heap growth. Please use -XX:HeapBaseMinAddress
#     to set the Java Heap base and to place the Java Heap above 32GB virtual address.
# This output file may be truncated or incomplete.
#
#  Out of Memory Error (allocation.cpp:44), pid=23372, tid=18052
#
# JRE version:  (18.0.1+10) (build )
# Java VM: OpenJDK 64-Bit Server VM (18.0.1+10, mixed mode, sharing, tiered, compressed oops, compressed class ptrs, g1 gc, windows-amd64)
# No core dump will be written. Minidumps are not enabled by default on client versions of Windows
#

---------------  S U M M A R Y ------------

Command Line: -Dfile.encoding=windows-1252 -XX:+ShowCodeDetailsInExceptionMessages me.rafaelsouza.jogodavelha.game.main.Program

Host: AMD Ryzen 5 5600G with Radeon Graphics         , 12 cores, 11G,  Windows 11 , 64 bit Build 22621 (10.0.22621.1194)
Time: Thu Mar  2 20:18:14 2023 Hora oficial do Brasil elapsed time: 0.007049 seconds (0d 0h 0m 0s)

---------------  T H R E A D  ---------------

Current thread (0x00000209e9ffd940):  JavaThread "Unknown thread" [_thread_in_vm, id=18052, stack(0x00000096ec000000,0x00000096ec100000)]

Stack: [0x00000096ec000000,0x00000096ec100000]
Native frames: (J=compiled Java code, j=interpreted, Vv=VM code, C=native code)
V  [jvm.dll+0x69cd4a]
V  [jvm.dll+0x84b63d]
V  [jvm.dll+0x84cf4e]
V  [jvm.dll+0x84d603]
V  [jvm.dll+0x25f19f]
V  [jvm.dll+0xb4acf]
V  [jvm.dll+0x305389]
V  [jvm.dll+0x2fdaf3]
V  [jvm.dll+0x81a290]
V  [jvm.dll+0x38e611]
V  [jvm.dll+0x7f8f63]
V  [jvm.dll+0x41045f]
V  [jvm.dll+0x411f11]
C  [jli.dll+0x5267]
C  [ucrtbase.dll+0x29363]
C  [KERNEL32.DLL+0x126bd]
C  [ntdll.dll+0x5dfb8]


---------------  P R O C E S S  ---------------

Threads class SMR info:
_java_thread_list=0x00007ffaa987de10, length=0, elements={
}

Java Threads: ( => current thread )

Other Threads:
  0x00000209ea05bd80 WorkerThread "GC Thread#0" [stack: 0x00000096ec100000,0x00000096ec200000] [id=23928]

[error occurred during error reporting (printing all threads), id 0xc0000005, EXCEPTION_ACCESS_VIOLATION (0xc0000005) at pc=0x00007ffaa903a6b0]

VM state: not at safepoint (not fully initialized)

VM Mutex/Monitor currently owned by a thread:  ([mutex/lock_event])
[0x00000209e9ff8ed0] Heap_lock - owner thread: 0x00000209e9ffd940

Heap address: 0x0000000743200000, size: 3022 MB, Compressed Oops mode: Zero based, Oop shift amount: 3

CDS archive(s) mapped at: [0x0000000000000000-0x0000000000000000-0x0000000000000000), size 0, SharedBaseAddress: 0x0000000800000000, ArchiveRelocationMode: 0.
Narrow klass base: 0x0000000000000000, Narrow klass shift: 0, Narrow klass range: 0x0

GC Precious Log:
 CardTable entry size: 512
 Card Set container configuration: InlinePtr #cards 4 size 8 Array Of Cards #cards 16 size 48 Howl #buckets 8 coarsen threshold 3686 Howl Bitmap #cards 512 size 80 coarsen threshold 460 Card regions per heap region 1 cards per card region 4096

Heap:
 garbage-first heap   total 0K, used 0K [0x0000000743200000, 0x0000000800000000)
  region size 2048K, 0 young (0K), 0 survivors (0K)

[error occurred during error reporting (printing heap information), id 0xc0000005, EXCEPTION_ACCESS_VIOLATION (0xc0000005) at pc=0x00007ffaa9425109]

GC Heap History (0 events):
No events

Deoptimization events (0 events):
No events

Classes loaded (0 events):
No events

Classes unloaded (0 events):
No events

Classes redefined (0 events):
No events

Internal exceptions (0 events):
No events

VM Operations (0 events):
No events

Events (1 events):
Event: 0.005 Loaded shared library C:\Users\Rafael\.p2\pool\plugins\org.eclipse.justj.openjdk.hotspot.jre.full.win32.x86_64_18.0.1.v20220515-1614\jre\bin\java.dll


Dynamic libraries:
0x00007ff731b90000 - 0x00007ff731b9e000 	C:\Users\Rafael\.p2\pool\plugins\org.eclipse.justj.openjdk.hotspot.jre.full.win32.x86_64_18.0.1.v20220515-1614\jre\bin\javaw.exe
0x00007ffb15850000 - 0x00007ffb15a64000 	C:\WINDOWS\SYSTEM32\ntdll.dll
0x00007ffb14710000 - 0x00007ffb147d3000 	C:\WINDOWS\System32\KERNEL32.DLL
0x00007ffb12e80000 - 0x00007ffb1321c000 	C:\WINDOWS\System32\KERNELBASE.dll
0x00007ffb13540000 - 0x00007ffb13651000 	C:\WINDOWS\System32\ucrtbase.dll
0x00007ffb02850000 - 0x00007ffb02867000 	C:\Users\Rafael\.p2\pool\plugins\org.eclipse.justj.openjdk.hotspot.jre.full.win32.x86_64_18.0.1.v20220515-1614\jre\bin\jli.dll
0x00007ffb00950000 - 0x00007ffb00969000 	C:\Users\Rafael\.p2\pool\plugins\org.eclipse.justj.openjdk.hotspot.jre.full.win32.x86_64_18.0.1.v20220515-1614\jre\bin\VCRUNTIME140.dll
0x00007ffb13e30000 - 0x00007ffb13fdd000 	C:\WINDOWS\System32\USER32.dll
0x00007ffb12e50000 - 0x00007ffb12e76000 	C:\WINDOWS\System32\win32u.dll
0x00007ffaf6420000 - 0x00007ffaf66ae000 	C:\WINDOWS\WinSxS\amd64_microsoft.windows.common-controls_6595b64144ccf1df_6.0.22621.608_none_a9444ca7c10bb01d\COMCTL32.dll
0x00007ffb155c0000 - 0x00007ffb155e9000 	C:\WINDOWS\System32\GDI32.dll
0x00007ffb13710000 - 0x00007ffb137b7000 	C:\WINDOWS\System32\msvcrt.dll
0x00007ffb12d30000 - 0x00007ffb12e42000 	C:\WINDOWS\System32\gdi32full.dll
0x00007ffb12c90000 - 0x00007ffb12d2a000 	C:\WINDOWS\System32\msvcp_win.dll
0x00007ffb14890000 - 0x00007ffb148c2000 	C:\WINDOWS\System32\IMM32.DLL
0x00007ffb02e00000 - 0x00007ffb02e0c000 	C:\Users\Rafael\.p2\pool\plugins\org.eclipse.justj.openjdk.hotspot.jre.full.win32.x86_64_18.0.1.v20220515-1614\jre\bin\vcruntime140_1.dll
0x00007ffac7400000 - 0x00007ffac7491000 	C:\Users\Rafael\.p2\pool\plugins\org.eclipse.justj.openjdk.hotspot.jre.full.win32.x86_64_18.0.1.v20220515-1614\jre\bin\msvcp140.dll
0x00007ffaa8d30000 - 0x00007ffaa99b9000 	C:\Users\Rafael\.p2\pool\plugins\org.eclipse.justj.openjdk.hotspot.jre.full.win32.x86_64_18.0.1.v20220515-1614\jre\bin\server\jvm.dll
0x00007ffb147e0000 - 0x00007ffb1488e000 	C:\WINDOWS\System32\ADVAPI32.dll
0x00007ffb14660000 - 0x00007ffb14704000 	C:\WINDOWS\System32\sechost.dll
0x00007ffb153a0000 - 0x00007ffb154b5000 	C:\WINDOWS\System32\RPCRT4.dll
0x00007ffb13980000 - 0x00007ffb13988000 	C:\WINDOWS\System32\PSAPI.DLL
0x00007ffb0d190000 - 0x00007ffb0d199000 	C:\WINDOWS\SYSTEM32\WSOCK32.dll
0x00007ffb0b840000 - 0x00007ffb0b874000 	C:\WINDOWS\SYSTEM32\WINMM.dll
0x00007ffb150d0000 - 0x00007ffb15141000 	C:\WINDOWS\System32\WS2_32.dll
0x00007ffb09c30000 - 0x00007ffb09c3a000 	C:\WINDOWS\SYSTEM32\VERSION.dll
0x00007ffb11ce0000 - 0x00007ffb11cf8000 	C:\WINDOWS\SYSTEM32\kernel.appcore.dll
0x00007ffb0d180000 - 0x00007ffb0d18a000 	C:\Users\Rafael\.p2\pool\plugins\org.eclipse.justj.openjdk.hotspot.jre.full.win32.x86_64_18.0.1.v20220515-1614\jre\bin\jimage.dll
0x00007ffb09010000 - 0x00007ffb0923e000 	C:\WINDOWS\SYSTEM32\DBGHELP.DLL
0x00007ffb13aa0000 - 0x00007ffb13e2a000 	C:\WINDOWS\System32\combase.dll
0x00007ffb15240000 - 0x00007ffb15317000 	C:\WINDOWS\System32\OLEAUT32.dll
0x00007ffafc680000 - 0x00007ffafc6b2000 	C:\WINDOWS\SYSTEM32\dbgcore.DLL
0x00007ffb134c0000 - 0x00007ffb1353b000 	C:\WINDOWS\System32\bcryptPrimitives.dll
0x00007ffb02e90000 - 0x00007ffb02eb5000 	C:\Users\Rafael\.p2\pool\plugins\org.eclipse.justj.openjdk.hotspot.jre.full.win32.x86_64_18.0.1.v20220515-1614\jre\bin\java.dll

dbghelp: loaded successfully - version: 4.0.5 - missing functions: none
symbol engine: initialized successfully - sym options: 0x614 - pdb path: .;C:\Users\Rafael\.p2\pool\plugins\org.eclipse.justj.openjdk.hotspot.jre.full.win32.x86_64_18.0.1.v20220515-1614\jre\bin;C:\WINDOWS\SYSTEM32;C:\WINDOWS\WinSxS\amd64_microsoft.windows.common-controls_6595b64144ccf1df_6.0.22621.608_none_a9444ca7c10bb01d;C:\Users\Rafael\.p2\pool\plugins\org.eclipse.justj.openjdk.hotspot.jre.full.win32.x86_64_18.0.1.v20220515-1614\jre\bin\server

VM Arguments:
jvm_args: -Dfile.encoding=windows-1252 -XX:+ShowCodeDetailsInExceptionMessages 
java_command: me.rafaelsouza.jogodavelha.game.main.Program
java_class_path (initial): C:\Users\Rafael\eclipse-workspace\JogoDaVelha\bin
Launcher Type: SUN_STANDARD

[Global flags]
     intx CICompilerCount                          = 4                                         {product} {ergonomic}
     uint ConcGCThreads                            = 3                                         {product} {ergonomic}
     uint G1ConcRefinementThreads                  = 10                                        {product} {ergonomic}
   size_t G1HeapRegionSize                         = 2097152                                   {product} {ergonomic}
    uintx GCDrainStackTargetSize                   = 64                                        {product} {ergonomic}
   size_t InitialHeapSize                          = 199229440                                 {product} {ergonomic}
   size_t MarkStackSize                            = 4194304                                   {product} {ergonomic}
   size_t MaxHeapSize                              = 3168796672                                {product} {ergonomic}
   size_t MinHeapDeltaBytes                        = 2097152                                   {product} {ergonomic}
   size_t MinHeapSize                              = 8388608                                   {product} {ergonomic}
    uintx NonNMethodCodeHeapSize                   = 5839372                                {pd product} {ergonomic}
    uintx NonProfiledCodeHeapSize                  = 122909434                              {pd product} {ergonomic}
    uintx ProfiledCodeHeapSize                     = 122909434                              {pd product} {ergonomic}
    uintx ReservedCodeCacheSize                    = 251658240                              {pd product} {ergonomic}
     bool SegmentedCodeCache                       = true                                      {product} {ergonomic}
     bool ShowCodeDetailsInExceptionMessages       = true                                   {manageable} {command line}
   size_t SoftMaxHeapSize                          = 3168796672                             {manageable} {ergonomic}
     bool UseCompressedClassPointers               = true                           {product lp64_product} {ergonomic}
     bool UseCompressedOops                        = true                           {product lp64_product} {ergonomic}
     bool UseG1GC                                  = true                                      {product} {ergonomic}
     bool UseLargePagesIndividualAllocation        = false                                  {pd product} {ergonomic}

Logging:
Log output configuration:
 #0: stdout all=warning uptime,level,tags foldmultilines=false
 #1: stderr all=off uptime,level,tags foldmultilines=false

Environment Variables:
JAVA_HOME=C:\Program Files\Java\zulu17.34.19-ca-jdk17.0.3-win_x64
PATH=C:/Users/Rafael/.p2/pool/plugins/org.eclipse.justj.openjdk.hotspot.jre.full.win32.x86_64_18.0.1.v20220515-1614/jre/bin/server;C:/Users/Rafael/.p2/pool/plugins/org.eclipse.justj.openjdk.hotspot.jre.full.win32.x86_64_18.0.1.v20220515-1614/jre/bin;C:\Program Files\Java\zulu17.34.19-ca-jdk17.0.3-win_x64\bin;C:\WINDOWS\system32;C:\WINDOWS;C:\WINDOWS\System32\Wbem;C:\WINDOWS\System32\WindowsPowerShell\v1.0\;C:\WINDOWS\System32\OpenSSH\;C:\Program Files (x86)\dotnet\;C:\Program Files\Git\cmd;C:\maven\bin;C:\Program Files\MySQL\MySQL Shell 8.0\bin\;C:\Users\Rafael\AppData\Local\Microsoft\WindowsApps;;C:\Users\Rafael\AppData\Local\Programs\Microsoft VS Code\bin;C:\WINDOWS\System32;
USERNAME=Rafael
OS=Windows_NT
PROCESSOR_IDENTIFIER=AMD64 Family 25 Model 80 Stepping 0, AuthenticAMD



---------------  S Y S T E M  ---------------

OS:
 Windows 11 , 64 bit Build 22621 (10.0.22621.1194)
OS uptime: 1 days 8:00 hours

CPU: total 12 (initial active 12) (12 cores per cpu, 2 threads per core) family 25 model 80 stepping 0 microcode 0x0, cx8, cmov, fxsr, ht, mmx, 3dnowpref, sse, sse2, sse3, ssse3, sse4a, sse4.1, sse4.2, popcnt, lzcnt, tsc, tscinvbit, avx, avx2, aes, erms, clmul, bmi1, bmi2, adx, sha, fma, vzeroupper, clflush, clflushopt

Memory: 4k page, system-wide physical 12082M (5398M free)
TotalPageFile size 36985M (AvailPageFile size 5M)
current process WorkingSet (physical memory assigned to process): 11M, peak: 11M
current process commit charge ("private bytes"): 58M, peak: 59M

vm_info: OpenJDK 64-Bit Server VM (18.0.1+10) for windows-amd64 JRE (18.0.1+10), built on Apr 20 2022 05:04:48 by "" with MS VC++ 16.7 (VS2019)

END.
